<?xml version="1.0" encoding="UTF-8"?>
<testsuite name="com.example.ExpenseTrackerApplicationTests" time="0.024" tests="1" errors="1" skipped="0" failures="0">
  <properties>
    <property name="java.runtime.name" value="Java(TM) SE Runtime Environment"/>
    <property name="sun.boot.library.path" value="/Library/Java/JavaVirtualMachines/jdk1.8.0_60.jdk/Contents/Home/jre/lib"/>
    <property name="java.vm.version" value="25.60-b23"/>
    <property name="user.country.format" value="US"/>
    <property name="gopherProxySet" value="false"/>
    <property name="java.vm.vendor" value="Oracle Corporation"/>
    <property name="maven.multiModuleProjectDirectory" value="/Users/chenxia/Documents/workspace-sts-3.8.1.RELEASE/ExpenseTracker"/>
    <property name="java.vendor.url" value="http://java.oracle.com/"/>
    <property name="path.separator" value=":"/>
    <property name="guice.disable.misplaced.annotation.check" value="true"/>
    <property name="java.vm.name" value="Java HotSpot(TM) 64-Bit Server VM"/>
    <property name="file.encoding.pkg" value="sun.io"/>
    <property name="user.country" value="CN"/>
    <property name="sun.java.launcher" value="SUN_STANDARD"/>
    <property name="sun.os.patch.level" value="unknown"/>
    <property name="java.vm.specification.name" value="Java Virtual Machine Specification"/>
    <property name="user.dir" value="/Users/chenxia/Documents/workspace-sts-3.8.1.RELEASE/ExpenseTracker"/>
    <property name="java.runtime.version" value="1.8.0_60-b27"/>
    <property name="java.awt.graphicsenv" value="sun.awt.CGraphicsEnvironment"/>
    <property name="java.endorsed.dirs" value="/Library/Java/JavaVirtualMachines/jdk1.8.0_60.jdk/Contents/Home/jre/lib/endorsed"/>
    <property name="os.arch" value="x86_64"/>
    <property name="java.io.tmpdir" value="/var/folders/k_/n87p5hf93z71g8_zykpnnmr00000gn/T/"/>
    <property name="line.separator" value="&#10;"/>
    <property name="java.vm.specification.vendor" value="Oracle Corporation"/>
    <property name="os.name" value="Mac OS X"/>
    <property name="classworlds.conf" value="/Users/chenxia/Desktop/maven2/bin/m2.conf"/>
    <property name="sun.jnu.encoding" value="UTF-8"/>
    <property name="java.library.path" value="/Users/chenxia/Library/Java/Extensions:/Library/Java/Extensions:/Network/Library/Java/Extensions:/System/Library/Java/Extensions:/usr/lib/java:."/>
    <property name="java.specification.name" value="Java Platform API Specification"/>
    <property name="java.class.version" value="52.0"/>
    <property name="sun.management.compiler" value="HotSpot 64-Bit Tiered Compilers"/>
    <property name="os.version" value="10.10.5"/>
    <property name="http.nonProxyHosts" value="local|*.local|169.254/16|*.169.254/16"/>
    <property name="user.home" value="/Users/chenxia"/>
    <property name="user.timezone" value="America/Chicago"/>
    <property name="java.awt.printerjob" value="sun.lwawt.macosx.CPrinterJob"/>
    <property name="java.specification.version" value="1.8"/>
    <property name="file.encoding" value="UTF-8"/>
    <property name="user.name" value="chenxia"/>
    <property name="java.class.path" value="/Users/chenxia/Desktop/maven2/boot/plexus-classworlds-2.5.2.jar"/>
    <property name="java.vm.specification.version" value="1.8"/>
    <property name="sun.arch.data.model" value="64"/>
    <property name="java.home" value="/Library/Java/JavaVirtualMachines/jdk1.8.0_60.jdk/Contents/Home/jre"/>
    <property name="sun.java.command" value="org.codehaus.plexus.classworlds.launcher.Launcher install"/>
    <property name="java.specification.vendor" value="Oracle Corporation"/>
    <property name="user.language" value="zh"/>
    <property name="user.language.format" value="zh-Hans"/>
    <property name="awt.toolkit" value="sun.lwawt.macosx.LWCToolkit"/>
    <property name="java.vm.info" value="mixed mode"/>
    <property name="java.version" value="1.8.0_60"/>
    <property name="java.ext.dirs" value="/Users/chenxia/Library/Java/Extensions:/Library/Java/JavaVirtualMachines/jdk1.8.0_60.jdk/Contents/Home/jre/lib/ext:/Library/Java/Extensions:/Network/Library/Java/Extensions:/System/Library/Java/Extensions:/usr/lib/java"/>
    <property name="sun.boot.class.path" value="/Library/Java/JavaVirtualMachines/jdk1.8.0_60.jdk/Contents/Home/jre/lib/resources.jar:/Library/Java/JavaVirtualMachines/jdk1.8.0_60.jdk/Contents/Home/jre/lib/rt.jar:/Library/Java/JavaVirtualMachines/jdk1.8.0_60.jdk/Contents/Home/jre/lib/sunrsasign.jar:/Library/Java/JavaVirtualMachines/jdk1.8.0_60.jdk/Contents/Home/jre/lib/jsse.jar:/Library/Java/JavaVirtualMachines/jdk1.8.0_60.jdk/Contents/Home/jre/lib/jce.jar:/Library/Java/JavaVirtualMachines/jdk1.8.0_60.jdk/Contents/Home/jre/lib/charsets.jar:/Library/Java/JavaVirtualMachines/jdk1.8.0_60.jdk/Contents/Home/jre/lib/jfr.jar:/Library/Java/JavaVirtualMachines/jdk1.8.0_60.jdk/Contents/Home/jre/classes"/>
    <property name="java.vendor" value="Oracle Corporation"/>
    <property name="maven.home" value="/Users/chenxia/Desktop/maven2"/>
    <property name="file.separator" value="/"/>
    <property name="java.vendor.url.bug" value="http://bugreport.sun.com/bugreport/"/>
    <property name="sun.cpu.endian" value="little"/>
    <property name="sun.io.unicode.encoding" value="UnicodeBig"/>
    <property name="socksNonProxyHosts" value="local|*.local|169.254/16|*.169.254/16"/>
    <property name="ftp.nonProxyHosts" value="local|*.local|169.254/16|*.169.254/16"/>
    <property name="sun.cpu.isalist" value=""/>
  </properties>
  <testcase name="initializationError" classname="com.example.ExpenseTrackerApplicationTests" time="0.024">
    <error message="Unable to find a @SpringBootConfiguration, you need to use @ContextConfiguration or @SpringBootTest(classes=...) with your test" type="java.lang.IllegalStateException"><![CDATA[java.lang.IllegalStateException: Unable to find a @SpringBootConfiguration, you need to use @ContextConfiguration or @SpringBootTest(classes=...) with your test
	at org.springframework.util.Assert.state(Assert.java:392)
	at org.springframework.boot.test.context.SpringBootTestContextBootstrapper.getOrFindConfigurationClasses(SpringBootTestContextBootstrapper.java:173)
	at org.springframework.boot.test.context.SpringBootTestContextBootstrapper.processMergedContextConfiguration(SpringBootTestContextBootstrapper.java:133)
	at org.springframework.test.context.support.AbstractTestContextBootstrapper.buildMergedContextConfiguration(AbstractTestContextBootstrapper.java:409)
	at org.springframework.test.context.support.AbstractTestContextBootstrapper.buildDefaultMergedContextConfiguration(AbstractTestContextBootstrapper.java:323)
	at org.springframework.test.context.support.AbstractTestContextBootstrapper.buildMergedContextConfiguration(AbstractTestContextBootstrapper.java:277)
	at org.springframework.test.context.support.AbstractTestContextBootstrapper.buildTestContext(AbstractTestContextBootstrapper.java:112)
	at org.springframework.boot.test.context.SpringBootTestContextBootstrapper.buildTestContext(SpringBootTestContextBootstrapper.java:78)
	at org.springframework.test.context.TestContextManager.<init>(TestContextManager.java:120)
	at org.springframework.test.context.TestContextManager.<init>(TestContextManager.java:105)
	at org.springframework.test.context.junit4.SpringJUnit4ClassRunner.createTestContextManager(SpringJUnit4ClassRunner.java:152)
	at org.springframework.test.context.junit4.SpringJUnit4ClassRunner.<init>(SpringJUnit4ClassRunner.java:143)
	at org.springframework.test.context.junit4.SpringRunner.<init>(SpringRunner.java:49)
	at sun.reflect.NativeConstructorAccessorImpl.newInstance0(Native Method)
	at sun.reflect.NativeConstructorAccessorImpl.newInstance(NativeConstructorAccessorImpl.java:62)
	at sun.reflect.DelegatingConstructorAccessorImpl.newInstance(DelegatingConstructorAccessorImpl.java:45)
	at java.lang.reflect.Constructor.newInstance(Constructor.java:422)
	at org.junit.internal.builders.AnnotatedBuilder.buildRunner(AnnotatedBuilder.java:104)
	at org.junit.internal.builders.AnnotatedBuilder.runnerForClass(AnnotatedBuilder.java:86)
	at org.junit.runners.model.RunnerBuilder.safeRunnerForClass(RunnerBuilder.java:59)
	at org.junit.internal.builders.AllDefaultPossibilitiesBuilder.runnerForClass(AllDefaultPossibilitiesBuilder.java:26)
	at org.junit.runners.model.RunnerBuilder.safeRunnerForClass(RunnerBuilder.java:59)
	at org.junit.internal.requests.ClassRequest.getRunner(ClassRequest.java:33)
	at org.apache.maven.surefire.junit4.JUnit4Provider.execute(JUnit4Provider.java:283)
	at org.apache.maven.surefire.junit4.JUnit4Provider.executeWithRerun(JUnit4Provider.java:173)
	at org.apache.maven.surefire.junit4.JUnit4Provider.executeTestSet(JUnit4Provider.java:153)
	at org.apache.maven.surefire.junit4.JUnit4Provider.invoke(JUnit4Provider.java:128)
	at org.apache.maven.surefire.booter.ForkedBooter.invokeProviderInSameClassLoader(ForkedBooter.java:203)
	at org.apache.maven.surefire.booter.ForkedBooter.runSuitesInProcess(ForkedBooter.java:155)
	at org.apache.maven.surefire.booter.ForkedBooter.main(ForkedBooter.java:103)
]]></error>
    <system-out><![CDATA[16:01:04.538 [main] DEBUG org.springframework.test.context.junit4.SpringJUnit4ClassRunner - SpringJUnit4ClassRunner constructor called with [class com.example.ExpenseTrackerApplicationTests]
16:01:04.551 [main] DEBUG org.springframework.test.context.BootstrapUtils - Instantiating CacheAwareContextLoaderDelegate from class [org.springframework.test.context.cache.DefaultCacheAwareContextLoaderDelegate]
16:01:04.570 [main] DEBUG org.springframework.test.context.BootstrapUtils - Instantiating BootstrapContext using constructor [public org.springframework.test.context.support.DefaultBootstrapContext(java.lang.Class,org.springframework.test.context.CacheAwareContextLoaderDelegate)]
16:01:04.598 [main] DEBUG org.springframework.test.context.BootstrapUtils - Instantiating TestContextBootstrapper for test class [com.example.ExpenseTrackerApplicationTests] from class [org.springframework.boot.test.context.SpringBootTestContextBootstrapper]
16:01:04.620 [main] INFO org.springframework.boot.test.context.SpringBootTestContextBootstrapper - Neither @ContextConfiguration nor @ContextHierarchy found for test class [com.example.ExpenseTrackerApplicationTests], using SpringBootContextLoader
16:01:04.627 [main] DEBUG org.springframework.test.context.support.AbstractContextLoader - Did not detect default resource location for test class [com.example.ExpenseTrackerApplicationTests]: class path resource [com/example/ExpenseTrackerApplicationTests-context.xml] does not exist
16:01:04.628 [main] DEBUG org.springframework.test.context.support.AbstractContextLoader - Did not detect default resource location for test class [com.example.ExpenseTrackerApplicationTests]: class path resource [com/example/ExpenseTrackerApplicationTestsContext.groovy] does not exist
16:01:04.628 [main] INFO org.springframework.test.context.support.AbstractContextLoader - Could not detect default resource locations for test class [com.example.ExpenseTrackerApplicationTests]: no resource found for suffixes {-context.xml, Context.groovy}.
16:01:04.629 [main] INFO org.springframework.test.context.support.AnnotationConfigContextLoaderUtils - Could not detect default configuration classes for test class [com.example.ExpenseTrackerApplicationTests]: ExpenseTrackerApplicationTests does not declare any static, non-private, non-final, nested classes annotated with @Configuration.
16:01:04.711 [main] DEBUG org.springframework.test.context.support.ActiveProfilesUtils - Could not find an 'annotation declaring class' for annotation type [org.springframework.test.context.ActiveProfiles] and class [com.example.ExpenseTrackerApplicationTests]
16:01:04.788 [main] DEBUG org.springframework.core.env.StandardEnvironment - Adding [systemProperties] PropertySource with lowest search precedence
16:01:04.789 [main] DEBUG org.springframework.core.env.StandardEnvironment - Adding [systemEnvironment] PropertySource with lowest search precedence
16:01:04.790 [main] DEBUG org.springframework.core.env.StandardEnvironment - Initialized StandardEnvironment with PropertySources [systemProperties,systemEnvironment]
16:01:04.811 [main] DEBUG org.springframework.core.io.support.PathMatchingResourcePatternResolver - Resolved classpath location [com/example/] to resources [URL [file:/Users/chenxia/Documents/workspace-sts-3.8.1.RELEASE/ExpenseTracker/target/test-classes/com/example/]]
16:01:04.811 [main] DEBUG org.springframework.core.io.support.PathMatchingResourcePatternResolver - Looking for matching resources in directory tree [/Users/chenxia/Documents/workspace-sts-3.8.1.RELEASE/ExpenseTracker/target/test-classes/com/example]
16:01:04.812 [main] DEBUG org.springframework.core.io.support.PathMatchingResourcePatternResolver - Searching directory [/Users/chenxia/Documents/workspace-sts-3.8.1.RELEASE/ExpenseTracker/target/test-classes/com/example] for files matching pattern [/Users/chenxia/Documents/workspace-sts-3.8.1.RELEASE/ExpenseTracker/target/test-classes/com/example/*.class]
16:01:04.821 [main] DEBUG org.springframework.core.io.support.PathMatchingResourcePatternResolver - Resolved location pattern [classpath*:com/example/*.class] to resources [file [/Users/chenxia/Documents/workspace-sts-3.8.1.RELEASE/ExpenseTracker/target/test-classes/com/example/ExpenseTrackerApplicationTests.class]]
16:01:04.855 [main] DEBUG org.springframework.core.io.support.PathMatchingResourcePatternResolver - Resolved classpath location [com/] to resources [URL [jar:file:/System/Library/Java/Extensions/dns_sd.jar!/com/], URL [jar:file:/System/Library/Java/Extensions/j3daudio.jar!/com/], URL [jar:file:/System/Library/Java/Extensions/j3dutils.jar!/com/], URL [jar:file:/System/Library/Java/Extensions/jai_codec.jar!/com/], URL [jar:file:/System/Library/Java/Extensions/jai_core.jar!/com/], URL [jar:file:/System/Library/Java/Extensions/MRJToolkit.jar!/com/], URL [file:/Users/chenxia/Documents/workspace-sts-3.8.1.RELEASE/ExpenseTracker/target/test-classes/com/], URL [file:/Users/chenxia/Documents/workspace-sts-3.8.1.RELEASE/ExpenseTracker/target/classes/com/], URL [jar:file:/Users/chenxia/.m2/repository/org/mongodb/mongodb-driver/3.2.2/mongodb-driver-3.2.2.jar!/com/], URL [jar:file:/Users/chenxia/.m2/repository/org/mongodb/mongodb-driver-core/3.2.2/mongodb-driver-core-3.2.2.jar!/com/], URL [jar:file:/Users/chenxia/.m2/repository/com/fasterxml/classmate/1.3.1/classmate-1.3.1.jar!/com/], URL [jar:file:/Users/chenxia/.m2/repository/com/fasterxml/jackson/core/jackson-annotations/2.8.3/jackson-annotations-2.8.3.jar!/com/], URL [jar:file:/Users/chenxia/.m2/repository/com/fasterxml/jackson/core/jackson-core/2.8.3/jackson-core-2.8.3.jar!/com/], URL [jar:file:/Users/chenxia/.m2/repository/com/fasterxml/jackson/core/jackson-databind/2.8.3/jackson-databind-2.8.3.jar!/com/], URL [jar:file:/Users/chenxia/.m2/repository/com/jayway/jsonpath/json-path/2.2.0/json-path-2.2.0.jar!/com/], URL [jar:file:/Users/chenxia/.m2/repository/com/google/api-client/google-api-client/1.22.0/google-api-client-1.22.0.jar!/com/], URL [jar:file:/Users/chenxia/.m2/repository/com/google/oauth-client/google-oauth-client/1.22.0/google-oauth-client-1.22.0.jar!/com/], URL [jar:file:/Users/chenxia/.m2/repository/com/google/http-client/google-http-client/1.22.0/google-http-client-1.22.0.jar!/com/], URL [jar:file:/Users/chenxia/.m2/repository/com/google/http-client/google-http-client-jackson2/1.22.0/google-http-client-jackson2-1.22.0.jar!/com/], URL [jar:file:/Users/chenxia/.m2/repository/com/google/guava/guava-jdk5/17.0/guava-jdk5-17.0.jar!/com/], URL [jar:file:/Users/chenxia/.m2/repository/com/google/guava/guava/21.0/guava-21.0.jar!/com/], URL [jar:file:/Users/chenxia/.m2/repository/com/google/cloud/google-cloud-vision/0.8.1-alpha/google-cloud-vision-0.8.1-alpha.jar!/com/], URL [jar:file:/Users/chenxia/.m2/repository/com/google/cloud/google-cloud-core/0.8.1-alpha/google-cloud-core-0.8.1-alpha.jar!/com/], URL [jar:file:/Users/chenxia/.m2/repository/com/google/auth/google-auth-library-credentials/0.6.0/google-auth-library-credentials-0.6.0.jar!/com/], URL [jar:file:/Users/chenxia/.m2/repository/com/google/auth/google-auth-library-oauth2-http/0.6.0/google-auth-library-oauth2-http-0.6.0.jar!/com/], URL [jar:file:/Users/chenxia/.m2/repository/com/google/api-client/google-api-client-appengine/1.21.0/google-api-client-appengine-1.21.0.jar!/com/], URL [jar:file:/Users/chenxia/.m2/repository/com/google/oauth-client/google-oauth-client-appengine/1.21.0/google-oauth-client-appengine-1.21.0.jar!/com/], URL [jar:file:/Users/chenxia/.m2/repository/com/google/oauth-client/google-oauth-client-servlet/1.21.0/google-oauth-client-servlet-1.21.0.jar!/com/], URL [jar:file:/Users/chenxia/.m2/repository/com/google/http-client/google-http-client-jdo/1.21.0/google-http-client-jdo-1.21.0.jar!/com/], URL [jar:file:/Users/chenxia/.m2/repository/com/google/api-client/google-api-client-servlet/1.21.0/google-api-client-servlet-1.21.0.jar!/com/], URL [jar:file:/Users/chenxia/.m2/repository/com/google/http-client/google-http-client-appengine/1.21.0/google-http-client-appengine-1.21.0.jar!/com/], URL [jar:file:/Users/chenxia/.m2/repository/com/google/http-client/google-http-client-jackson/1.21.0/google-http-client-jackson-1.21.0.jar!/com/], URL [jar:file:/Users/chenxia/.m2/repository/com/google/protobuf/protobuf-java/3.0.0/protobuf-java-3.0.0.jar!/com/], URL [jar:file:/Users/chenxia/.m2/repository/com/google/protobuf/protobuf-java-util/3.0.2/protobuf-java-util-3.0.2.jar!/com/], URL [jar:file:/Users/chenxia/.m2/repository/com/google/code/gson/gson/2.7/gson-2.7.jar!/com/], URL [jar:file:/Users/chenxia/.m2/repository/com/google/api/gax/0.0.25/gax-0.0.25.jar!/com/], URL [jar:file:/Users/chenxia/.m2/repository/com/google/auto/value/auto-value/1.2/auto-value-1.2.jar!/com/], URL [jar:file:/Users/chenxia/.m2/repository/com/google/inject/guice/4.0/guice-4.0.jar!/com/], URL [jar:file:/Users/chenxia/.m2/repository/com/google/api/grpc/grpc-google-common-protos/0.1.5/grpc-google-common-protos-0.1.5.jar!/com/], URL [jar:file:/Users/chenxia/.m2/repository/com/google/api/grpc/grpc-google-iam-v1/0.1.5/grpc-google-iam-v1-0.1.5.jar!/com/], URL [jar:file:/Users/chenxia/.m2/repository/com/google/api/grpc/grpc-google-cloud-vision-v1/0.1.5/grpc-google-cloud-vision-v1-0.1.5.jar!/com/], URL [jar:file:/Users/chenxia/.m2/repository/com/google/api/api-common/0.0.2/api-common-0.0.2.jar!/com/]]
16:01:04.855 [main] DEBUG org.springframework.core.io.support.PathMatchingResourcePatternResolver - Looking for matching resources in jar file [file:/System/Library/Java/Extensions/dns_sd.jar]
16:01:04.857 [main] DEBUG org.springframework.core.io.support.PathMatchingResourcePatternResolver - Looking for matching resources in jar file [file:/System/Library/Java/Extensions/j3daudio.jar]
16:01:04.859 [main] DEBUG org.springframework.core.io.support.PathMatchingResourcePatternResolver - Looking for matching resources in jar file [file:/System/Library/Java/Extensions/j3dutils.jar]
16:01:04.867 [main] DEBUG org.springframework.core.io.support.PathMatchingResourcePatternResolver - Looking for matching resources in jar file [file:/System/Library/Java/Extensions/jai_codec.jar]
16:01:04.871 [main] DEBUG org.springframework.core.io.support.PathMatchingResourcePatternResolver - Looking for matching resources in jar file [file:/System/Library/Java/Extensions/jai_core.jar]
16:01:04.879 [main] DEBUG org.springframework.core.io.support.PathMatchingResourcePatternResolver - Looking for matching resources in jar file [file:/System/Library/Java/Extensions/MRJToolkit.jar]
16:01:04.880 [main] DEBUG org.springframework.core.io.support.PathMatchingResourcePatternResolver - Looking for matching resources in directory tree [/Users/chenxia/Documents/workspace-sts-3.8.1.RELEASE/ExpenseTracker/target/test-classes/com]
16:01:04.881 [main] DEBUG org.springframework.core.io.support.PathMatchingResourcePatternResolver - Searching directory [/Users/chenxia/Documents/workspace-sts-3.8.1.RELEASE/ExpenseTracker/target/test-classes/com] for files matching pattern [/Users/chenxia/Documents/workspace-sts-3.8.1.RELEASE/ExpenseTracker/target/test-classes/com/*.class]
16:01:04.883 [main] DEBUG org.springframework.core.io.support.PathMatchingResourcePatternResolver - Looking for matching resources in directory tree [/Users/chenxia/Documents/workspace-sts-3.8.1.RELEASE/ExpenseTracker/target/classes/com]
16:01:04.883 [main] DEBUG org.springframework.core.io.support.PathMatchingResourcePatternResolver - Searching directory [/Users/chenxia/Documents/workspace-sts-3.8.1.RELEASE/ExpenseTracker/target/classes/com] for files matching pattern [/Users/chenxia/Documents/workspace-sts-3.8.1.RELEASE/ExpenseTracker/target/classes/com/*.class]
16:01:04.885 [main] DEBUG org.springframework.core.io.support.PathMatchingResourcePatternResolver - Looking for matching resources in jar file [file:/Users/chenxia/.m2/repository/org/mongodb/mongodb-driver/3.2.2/mongodb-driver-3.2.2.jar]
16:01:04.887 [main] DEBUG org.springframework.core.io.support.PathMatchingResourcePatternResolver - Looking for matching resources in jar file [file:/Users/chenxia/.m2/repository/org/mongodb/mongodb-driver-core/3.2.2/mongodb-driver-core-3.2.2.jar]
16:01:04.895 [main] DEBUG org.springframework.core.io.support.PathMatchingResourcePatternResolver - Looking for matching resources in jar file [file:/Users/chenxia/.m2/repository/com/fasterxml/classmate/1.3.1/classmate-1.3.1.jar]
16:01:04.897 [main] DEBUG org.springframework.core.io.support.PathMatchingResourcePatternResolver - Looking for matching resources in jar file [file:/Users/chenxia/.m2/repository/com/fasterxml/jackson/core/jackson-annotations/2.8.3/jackson-annotations-2.8.3.jar]
16:01:04.898 [main] DEBUG org.springframework.core.io.support.PathMatchingResourcePatternResolver - Looking for matching resources in jar file [file:/Users/chenxia/.m2/repository/com/fasterxml/jackson/core/jackson-core/2.8.3/jackson-core-2.8.3.jar]
16:01:04.904 [main] DEBUG org.springframework.core.io.support.PathMatchingResourcePatternResolver - Looking for matching resources in jar file [file:/Users/chenxia/.m2/repository/com/fasterxml/jackson/core/jackson-databind/2.8.3/jackson-databind-2.8.3.jar]
16:01:04.910 [main] DEBUG org.springframework.core.io.support.PathMatchingResourcePatternResolver - Looking for matching resources in jar file [file:/Users/chenxia/.m2/repository/com/jayway/jsonpath/json-path/2.2.0/json-path-2.2.0.jar]
16:01:04.911 [main] DEBUG org.springframework.core.io.support.PathMatchingResourcePatternResolver - Looking for matching resources in jar file [file:/Users/chenxia/.m2/repository/com/google/api-client/google-api-client/1.22.0/google-api-client-1.22.0.jar]
16:01:04.913 [main] DEBUG org.springframework.core.io.support.PathMatchingResourcePatternResolver - Looking for matching resources in jar file [file:/Users/chenxia/.m2/repository/com/google/oauth-client/google-oauth-client/1.22.0/google-oauth-client-1.22.0.jar]
16:01:04.913 [main] DEBUG org.springframework.core.io.support.PathMatchingResourcePatternResolver - Looking for matching resources in jar file [file:/Users/chenxia/.m2/repository/com/google/http-client/google-http-client/1.22.0/google-http-client-1.22.0.jar]
16:01:04.916 [main] DEBUG org.springframework.core.io.support.PathMatchingResourcePatternResolver - Looking for matching resources in jar file [file:/Users/chenxia/.m2/repository/com/google/http-client/google-http-client-jackson2/1.22.0/google-http-client-jackson2-1.22.0.jar]
16:01:04.917 [main] DEBUG org.springframework.core.io.support.PathMatchingResourcePatternResolver - Looking for matching resources in jar file [file:/Users/chenxia/.m2/repository/com/google/guava/guava-jdk5/17.0/guava-jdk5-17.0.jar]
16:01:04.926 [main] DEBUG org.springframework.core.io.support.PathMatchingResourcePatternResolver - Looking for matching resources in jar file [file:/Users/chenxia/.m2/repository/com/google/guava/guava/21.0/guava-21.0.jar]
16:01:04.938 [main] DEBUG org.springframework.core.io.support.PathMatchingResourcePatternResolver - Looking for matching resources in jar file [file:/Users/chenxia/.m2/repository/com/google/cloud/google-cloud-vision/0.8.1-alpha/google-cloud-vision-0.8.1-alpha.jar]
16:01:04.939 [main] DEBUG org.springframework.core.io.support.PathMatchingResourcePatternResolver - Looking for matching resources in jar file [file:/Users/chenxia/.m2/repository/com/google/cloud/google-cloud-core/0.8.1-alpha/google-cloud-core-0.8.1-alpha.jar]
16:01:04.940 [main] DEBUG org.springframework.core.io.support.PathMatchingResourcePatternResolver - Looking for matching resources in jar file [file:/Users/chenxia/.m2/repository/com/google/auth/google-auth-library-credentials/0.6.0/google-auth-library-credentials-0.6.0.jar]
16:01:04.941 [main] DEBUG org.springframework.core.io.support.PathMatchingResourcePatternResolver - Looking for matching resources in jar file [file:/Users/chenxia/.m2/repository/com/google/auth/google-auth-library-oauth2-http/0.6.0/google-auth-library-oauth2-http-0.6.0.jar]
16:01:04.941 [main] DEBUG org.springframework.core.io.support.PathMatchingResourcePatternResolver - Looking for matching resources in jar file [file:/Users/chenxia/.m2/repository/com/google/api-client/google-api-client-appengine/1.21.0/google-api-client-appengine-1.21.0.jar]
16:01:04.942 [main] DEBUG org.springframework.core.io.support.PathMatchingResourcePatternResolver - Looking for matching resources in jar file [file:/Users/chenxia/.m2/repository/com/google/oauth-client/google-oauth-client-appengine/1.21.0/google-oauth-client-appengine-1.21.0.jar]
16:01:04.942 [main] DEBUG org.springframework.core.io.support.PathMatchingResourcePatternResolver - Looking for matching resources in jar file [file:/Users/chenxia/.m2/repository/com/google/oauth-client/google-oauth-client-servlet/1.21.0/google-oauth-client-servlet-1.21.0.jar]
16:01:04.943 [main] DEBUG org.springframework.core.io.support.PathMatchingResourcePatternResolver - Looking for matching resources in jar file [file:/Users/chenxia/.m2/repository/com/google/http-client/google-http-client-jdo/1.21.0/google-http-client-jdo-1.21.0.jar]
16:01:04.944 [main] DEBUG org.springframework.core.io.support.PathMatchingResourcePatternResolver - Looking for matching resources in jar file [file:/Users/chenxia/.m2/repository/com/google/api-client/google-api-client-servlet/1.21.0/google-api-client-servlet-1.21.0.jar]
16:01:04.945 [main] DEBUG org.springframework.core.io.support.PathMatchingResourcePatternResolver - Looking for matching resources in jar file [file:/Users/chenxia/.m2/repository/com/google/http-client/google-http-client-appengine/1.21.0/google-http-client-appengine-1.21.0.jar]
16:01:04.945 [main] DEBUG org.springframework.core.io.support.PathMatchingResourcePatternResolver - Looking for matching resources in jar file [file:/Users/chenxia/.m2/repository/com/google/http-client/google-http-client-jackson/1.21.0/google-http-client-jackson-1.21.0.jar]
16:01:04.946 [main] DEBUG org.springframework.core.io.support.PathMatchingResourcePatternResolver - Looking for matching resources in jar file [file:/Users/chenxia/.m2/repository/com/google/protobuf/protobuf-java/3.0.0/protobuf-java-3.0.0.jar]
16:01:04.949 [main] DEBUG org.springframework.core.io.support.PathMatchingResourcePatternResolver - Looking for matching resources in jar file [file:/Users/chenxia/.m2/repository/com/google/protobuf/protobuf-java-util/3.0.2/protobuf-java-util-3.0.2.jar]
16:01:04.950 [main] DEBUG org.springframework.core.io.support.PathMatchingResourcePatternResolver - Looking for matching resources in jar file [file:/Users/chenxia/.m2/repository/com/google/code/gson/gson/2.7/gson-2.7.jar]
16:01:04.954 [main] DEBUG org.springframework.core.io.support.PathMatchingResourcePatternResolver - Looking for matching resources in jar file [file:/Users/chenxia/.m2/repository/com/google/api/gax/0.0.25/gax-0.0.25.jar]
16:01:04.956 [main] DEBUG org.springframework.core.io.support.PathMatchingResourcePatternResolver - Looking for matching resources in jar file [file:/Users/chenxia/.m2/repository/com/google/auto/value/auto-value/1.2/auto-value-1.2.jar]
16:01:04.958 [main] DEBUG org.springframework.core.io.support.PathMatchingResourcePatternResolver - Looking for matching resources in jar file [file:/Users/chenxia/.m2/repository/com/google/inject/guice/4.0/guice-4.0.jar]
16:01:04.961 [main] DEBUG org.springframework.core.io.support.PathMatchingResourcePatternResolver - Looking for matching resources in jar file [file:/Users/chenxia/.m2/repository/com/google/api/grpc/grpc-google-common-protos/0.1.5/grpc-google-common-protos-0.1.5.jar]
16:01:04.967 [main] DEBUG org.springframework.core.io.support.PathMatchingResourcePatternResolver - Looking for matching resources in jar file [file:/Users/chenxia/.m2/repository/com/google/api/grpc/grpc-google-iam-v1/0.1.5/grpc-google-iam-v1-0.1.5.jar]
16:01:04.968 [main] DEBUG org.springframework.core.io.support.PathMatchingResourcePatternResolver - Looking for matching resources in jar file [file:/Users/chenxia/.m2/repository/com/google/api/grpc/grpc-google-cloud-vision-v1/0.1.5/grpc-google-cloud-vision-v1-0.1.5.jar]
16:01:04.969 [main] DEBUG org.springframework.core.io.support.PathMatchingResourcePatternResolver - Looking for matching resources in jar file [file:/Users/chenxia/.m2/repository/com/google/api/api-common/0.0.2/api-common-0.0.2.jar]
16:01:04.969 [main] DEBUG org.springframework.core.io.support.PathMatchingResourcePatternResolver - Resolved location pattern [classpath*:com/*.class] to resources []
16:01:04.983 [main] DEBUG org.springframework.test.context.junit4.SpringJUnit4ClassRunner - SpringJUnit4ClassRunner constructor called with [class com.example.ExpenseTrackerApplicationTests]
16:01:04.983 [main] DEBUG org.springframework.test.context.BootstrapUtils - Instantiating CacheAwareContextLoaderDelegate from class [org.springframework.test.context.cache.DefaultCacheAwareContextLoaderDelegate]
16:01:04.983 [main] DEBUG org.springframework.test.context.BootstrapUtils - Instantiating BootstrapContext using constructor [public org.springframework.test.context.support.DefaultBootstrapContext(java.lang.Class,org.springframework.test.context.CacheAwareContextLoaderDelegate)]
16:01:04.985 [main] DEBUG org.springframework.test.context.BootstrapUtils - Instantiating TestContextBootstrapper for test class [com.example.ExpenseTrackerApplicationTests] from class [org.springframework.boot.test.context.SpringBootTestContextBootstrapper]
16:01:04.986 [main] INFO org.springframework.boot.test.context.SpringBootTestContextBootstrapper - Neither @ContextConfiguration nor @ContextHierarchy found for test class [com.example.ExpenseTrackerApplicationTests], using SpringBootContextLoader
16:01:04.987 [main] DEBUG org.springframework.test.context.support.AbstractContextLoader - Did not detect default resource location for test class [com.example.ExpenseTrackerApplicationTests]: class path resource [com/example/ExpenseTrackerApplicationTests-context.xml] does not exist
16:01:04.988 [main] DEBUG org.springframework.test.context.support.AbstractContextLoader - Did not detect default resource location for test class [com.example.ExpenseTrackerApplicationTests]: class path resource [com/example/ExpenseTrackerApplicationTestsContext.groovy] does not exist
16:01:04.988 [main] INFO org.springframework.test.context.support.AbstractContextLoader - Could not detect default resource locations for test class [com.example.ExpenseTrackerApplicationTests]: no resource found for suffixes {-context.xml, Context.groovy}.
16:01:04.988 [main] INFO org.springframework.test.context.support.AnnotationConfigContextLoaderUtils - Could not detect default configuration classes for test class [com.example.ExpenseTrackerApplicationTests]: ExpenseTrackerApplicationTests does not declare any static, non-private, non-final, nested classes annotated with @Configuration.
16:01:04.996 [main] DEBUG org.springframework.test.context.support.ActiveProfilesUtils - Could not find an 'annotation declaring class' for annotation type [org.springframework.test.context.ActiveProfiles] and class [com.example.ExpenseTrackerApplicationTests]
16:01:04.997 [main] DEBUG org.springframework.core.env.StandardEnvironment - Adding [systemProperties] PropertySource with lowest search precedence
16:01:04.997 [main] DEBUG org.springframework.core.env.StandardEnvironment - Adding [systemEnvironment] PropertySource with lowest search precedence
16:01:04.998 [main] DEBUG org.springframework.core.env.StandardEnvironment - Initialized StandardEnvironment with PropertySources [systemProperties,systemEnvironment]
16:01:04.999 [main] DEBUG org.springframework.core.io.support.PathMatchingResourcePatternResolver - Resolved classpath location [com/example/] to resources [URL [file:/Users/chenxia/Documents/workspace-sts-3.8.1.RELEASE/ExpenseTracker/target/test-classes/com/example/]]
16:01:04.999 [main] DEBUG org.springframework.core.io.support.PathMatchingResourcePatternResolver - Looking for matching resources in directory tree [/Users/chenxia/Documents/workspace-sts-3.8.1.RELEASE/ExpenseTracker/target/test-classes/com/example]
16:01:04.999 [main] DEBUG org.springframework.core.io.support.PathMatchingResourcePatternResolver - Searching directory [/Users/chenxia/Documents/workspace-sts-3.8.1.RELEASE/ExpenseTracker/target/test-classes/com/example] for files matching pattern [/Users/chenxia/Documents/workspace-sts-3.8.1.RELEASE/ExpenseTracker/target/test-classes/com/example/*.class]
16:01:05.000 [main] DEBUG org.springframework.core.io.support.PathMatchingResourcePatternResolver - Resolved location pattern [classpath*:com/example/*.class] to resources [file [/Users/chenxia/Documents/workspace-sts-3.8.1.RELEASE/ExpenseTracker/target/test-classes/com/example/ExpenseTrackerApplicationTests.class]]
16:01:05.005 [main] DEBUG org.springframework.core.io.support.PathMatchingResourcePatternResolver - Resolved classpath location [com/] to resources [URL [jar:file:/System/Library/Java/Extensions/dns_sd.jar!/com/], URL [jar:file:/System/Library/Java/Extensions/j3daudio.jar!/com/], URL [jar:file:/System/Library/Java/Extensions/j3dutils.jar!/com/], URL [jar:file:/System/Library/Java/Extensions/jai_codec.jar!/com/], URL [jar:file:/System/Library/Java/Extensions/jai_core.jar!/com/], URL [jar:file:/System/Library/Java/Extensions/MRJToolkit.jar!/com/], URL [file:/Users/chenxia/Documents/workspace-sts-3.8.1.RELEASE/ExpenseTracker/target/test-classes/com/], URL [file:/Users/chenxia/Documents/workspace-sts-3.8.1.RELEASE/ExpenseTracker/target/classes/com/], URL [jar:file:/Users/chenxia/.m2/repository/org/mongodb/mongodb-driver/3.2.2/mongodb-driver-3.2.2.jar!/com/], URL [jar:file:/Users/chenxia/.m2/repository/org/mongodb/mongodb-driver-core/3.2.2/mongodb-driver-core-3.2.2.jar!/com/], URL [jar:file:/Users/chenxia/.m2/repository/com/fasterxml/classmate/1.3.1/classmate-1.3.1.jar!/com/], URL [jar:file:/Users/chenxia/.m2/repository/com/fasterxml/jackson/core/jackson-annotations/2.8.3/jackson-annotations-2.8.3.jar!/com/], URL [jar:file:/Users/chenxia/.m2/repository/com/fasterxml/jackson/core/jackson-core/2.8.3/jackson-core-2.8.3.jar!/com/], URL [jar:file:/Users/chenxia/.m2/repository/com/fasterxml/jackson/core/jackson-databind/2.8.3/jackson-databind-2.8.3.jar!/com/], URL [jar:file:/Users/chenxia/.m2/repository/com/jayway/jsonpath/json-path/2.2.0/json-path-2.2.0.jar!/com/], URL [jar:file:/Users/chenxia/.m2/repository/com/google/api-client/google-api-client/1.22.0/google-api-client-1.22.0.jar!/com/], URL [jar:file:/Users/chenxia/.m2/repository/com/google/oauth-client/google-oauth-client/1.22.0/google-oauth-client-1.22.0.jar!/com/], URL [jar:file:/Users/chenxia/.m2/repository/com/google/http-client/google-http-client/1.22.0/google-http-client-1.22.0.jar!/com/], URL [jar:file:/Users/chenxia/.m2/repository/com/google/http-client/google-http-client-jackson2/1.22.0/google-http-client-jackson2-1.22.0.jar!/com/], URL [jar:file:/Users/chenxia/.m2/repository/com/google/guava/guava-jdk5/17.0/guava-jdk5-17.0.jar!/com/], URL [jar:file:/Users/chenxia/.m2/repository/com/google/guava/guava/21.0/guava-21.0.jar!/com/], URL [jar:file:/Users/chenxia/.m2/repository/com/google/cloud/google-cloud-vision/0.8.1-alpha/google-cloud-vision-0.8.1-alpha.jar!/com/], URL [jar:file:/Users/chenxia/.m2/repository/com/google/cloud/google-cloud-core/0.8.1-alpha/google-cloud-core-0.8.1-alpha.jar!/com/], URL [jar:file:/Users/chenxia/.m2/repository/com/google/auth/google-auth-library-credentials/0.6.0/google-auth-library-credentials-0.6.0.jar!/com/], URL [jar:file:/Users/chenxia/.m2/repository/com/google/auth/google-auth-library-oauth2-http/0.6.0/google-auth-library-oauth2-http-0.6.0.jar!/com/], URL [jar:file:/Users/chenxia/.m2/repository/com/google/api-client/google-api-client-appengine/1.21.0/google-api-client-appengine-1.21.0.jar!/com/], URL [jar:file:/Users/chenxia/.m2/repository/com/google/oauth-client/google-oauth-client-appengine/1.21.0/google-oauth-client-appengine-1.21.0.jar!/com/], URL [jar:file:/Users/chenxia/.m2/repository/com/google/oauth-client/google-oauth-client-servlet/1.21.0/google-oauth-client-servlet-1.21.0.jar!/com/], URL [jar:file:/Users/chenxia/.m2/repository/com/google/http-client/google-http-client-jdo/1.21.0/google-http-client-jdo-1.21.0.jar!/com/], URL [jar:file:/Users/chenxia/.m2/repository/com/google/api-client/google-api-client-servlet/1.21.0/google-api-client-servlet-1.21.0.jar!/com/], URL [jar:file:/Users/chenxia/.m2/repository/com/google/http-client/google-http-client-appengine/1.21.0/google-http-client-appengine-1.21.0.jar!/com/], URL [jar:file:/Users/chenxia/.m2/repository/com/google/http-client/google-http-client-jackson/1.21.0/google-http-client-jackson-1.21.0.jar!/com/], URL [jar:file:/Users/chenxia/.m2/repository/com/google/protobuf/protobuf-java/3.0.0/protobuf-java-3.0.0.jar!/com/], URL [jar:file:/Users/chenxia/.m2/repository/com/google/protobuf/protobuf-java-util/3.0.2/protobuf-java-util-3.0.2.jar!/com/], URL [jar:file:/Users/chenxia/.m2/repository/com/google/code/gson/gson/2.7/gson-2.7.jar!/com/], URL [jar:file:/Users/chenxia/.m2/repository/com/google/api/gax/0.0.25/gax-0.0.25.jar!/com/], URL [jar:file:/Users/chenxia/.m2/repository/com/google/auto/value/auto-value/1.2/auto-value-1.2.jar!/com/], URL [jar:file:/Users/chenxia/.m2/repository/com/google/inject/guice/4.0/guice-4.0.jar!/com/], URL [jar:file:/Users/chenxia/.m2/repository/com/google/api/grpc/grpc-google-common-protos/0.1.5/grpc-google-common-protos-0.1.5.jar!/com/], URL [jar:file:/Users/chenxia/.m2/repository/com/google/api/grpc/grpc-google-iam-v1/0.1.5/grpc-google-iam-v1-0.1.5.jar!/com/], URL [jar:file:/Users/chenxia/.m2/repository/com/google/api/grpc/grpc-google-cloud-vision-v1/0.1.5/grpc-google-cloud-vision-v1-0.1.5.jar!/com/], URL [jar:file:/Users/chenxia/.m2/repository/com/google/api/api-common/0.0.2/api-common-0.0.2.jar!/com/]]
16:01:05.006 [main] DEBUG org.springframework.core.io.support.PathMatchingResourcePatternResolver - Looking for matching resources in jar file [file:/System/Library/Java/Extensions/dns_sd.jar]
16:01:05.007 [main] DEBUG org.springframework.core.io.support.PathMatchingResourcePatternResolver - Looking for matching resources in jar file [file:/System/Library/Java/Extensions/j3daudio.jar]
16:01:05.008 [main] DEBUG org.springframework.core.io.support.PathMatchingResourcePatternResolver - Looking for matching resources in jar file [file:/System/Library/Java/Extensions/j3dutils.jar]
16:01:05.012 [main] DEBUG org.springframework.core.io.support.PathMatchingResourcePatternResolver - Looking for matching resources in jar file [file:/System/Library/Java/Extensions/jai_codec.jar]
16:01:05.013 [main] DEBUG org.springframework.core.io.support.PathMatchingResourcePatternResolver - Looking for matching resources in jar file [file:/System/Library/Java/Extensions/jai_core.jar]
16:01:05.016 [main] DEBUG org.springframework.core.io.support.PathMatchingResourcePatternResolver - Looking for matching resources in jar file [file:/System/Library/Java/Extensions/MRJToolkit.jar]
16:01:05.017 [main] DEBUG org.springframework.core.io.support.PathMatchingResourcePatternResolver - Looking for matching resources in directory tree [/Users/chenxia/Documents/workspace-sts-3.8.1.RELEASE/ExpenseTracker/target/test-classes/com]
16:01:05.017 [main] DEBUG org.springframework.core.io.support.PathMatchingResourcePatternResolver - Searching directory [/Users/chenxia/Documents/workspace-sts-3.8.1.RELEASE/ExpenseTracker/target/test-classes/com] for files matching pattern [/Users/chenxia/Documents/workspace-sts-3.8.1.RELEASE/ExpenseTracker/target/test-classes/com/*.class]
16:01:05.018 [main] DEBUG org.springframework.core.io.support.PathMatchingResourcePatternResolver - Looking for matching resources in directory tree [/Users/chenxia/Documents/workspace-sts-3.8.1.RELEASE/ExpenseTracker/target/classes/com]
16:01:05.018 [main] DEBUG org.springframework.core.io.support.PathMatchingResourcePatternResolver - Searching directory [/Users/chenxia/Documents/workspace-sts-3.8.1.RELEASE/ExpenseTracker/target/classes/com] for files matching pattern [/Users/chenxia/Documents/workspace-sts-3.8.1.RELEASE/ExpenseTracker/target/classes/com/*.class]
16:01:05.018 [main] DEBUG org.springframework.core.io.support.PathMatchingResourcePatternResolver - Looking for matching resources in jar file [file:/Users/chenxia/.m2/repository/org/mongodb/mongodb-driver/3.2.2/mongodb-driver-3.2.2.jar]
16:01:05.020 [main] DEBUG org.springframework.core.io.support.PathMatchingResourcePatternResolver - Looking for matching resources in jar file [file:/Users/chenxia/.m2/repository/org/mongodb/mongodb-driver-core/3.2.2/mongodb-driver-core-3.2.2.jar]
16:01:05.024 [main] DEBUG org.springframework.core.io.support.PathMatchingResourcePatternResolver - Looking for matching resources in jar file [file:/Users/chenxia/.m2/repository/com/fasterxml/classmate/1.3.1/classmate-1.3.1.jar]
16:01:05.025 [main] DEBUG org.springframework.core.io.support.PathMatchingResourcePatternResolver - Looking for matching resources in jar file [file:/Users/chenxia/.m2/repository/com/fasterxml/jackson/core/jackson-annotations/2.8.3/jackson-annotations-2.8.3.jar]
16:01:05.025 [main] DEBUG org.springframework.core.io.support.PathMatchingResourcePatternResolver - Looking for matching resources in jar file [file:/Users/chenxia/.m2/repository/com/fasterxml/jackson/core/jackson-core/2.8.3/jackson-core-2.8.3.jar]
16:01:05.026 [main] DEBUG org.springframework.core.io.support.PathMatchingResourcePatternResolver - Looking for matching resources in jar file [file:/Users/chenxia/.m2/repository/com/fasterxml/jackson/core/jackson-databind/2.8.3/jackson-databind-2.8.3.jar]
16:01:05.030 [main] DEBUG org.springframework.core.io.support.PathMatchingResourcePatternResolver - Looking for matching resources in jar file [file:/Users/chenxia/.m2/repository/com/jayway/jsonpath/json-path/2.2.0/json-path-2.2.0.jar]
16:01:05.031 [main] DEBUG org.springframework.core.io.support.PathMatchingResourcePatternResolver - Looking for matching resources in jar file [file:/Users/chenxia/.m2/repository/com/google/api-client/google-api-client/1.22.0/google-api-client-1.22.0.jar]
16:01:05.032 [main] DEBUG org.springframework.core.io.support.PathMatchingResourcePatternResolver - Looking for matching resources in jar file [file:/Users/chenxia/.m2/repository/com/google/oauth-client/google-oauth-client/1.22.0/google-oauth-client-1.22.0.jar]
16:01:05.033 [main] DEBUG org.springframework.core.io.support.PathMatchingResourcePatternResolver - Looking for matching resources in jar file [file:/Users/chenxia/.m2/repository/com/google/http-client/google-http-client/1.22.0/google-http-client-1.22.0.jar]
16:01:05.035 [main] DEBUG org.springframework.core.io.support.PathMatchingResourcePatternResolver - Looking for matching resources in jar file [file:/Users/chenxia/.m2/repository/com/google/http-client/google-http-client-jackson2/1.22.0/google-http-client-jackson2-1.22.0.jar]
16:01:05.036 [main] DEBUG org.springframework.core.io.support.PathMatchingResourcePatternResolver - Looking for matching resources in jar file [file:/Users/chenxia/.m2/repository/com/google/guava/guava-jdk5/17.0/guava-jdk5-17.0.jar]
16:01:05.047 [main] DEBUG org.springframework.core.io.support.PathMatchingResourcePatternResolver - Looking for matching resources in jar file [file:/Users/chenxia/.m2/repository/com/google/guava/guava/21.0/guava-21.0.jar]
16:01:05.059 [main] DEBUG org.springframework.core.io.support.PathMatchingResourcePatternResolver - Looking for matching resources in jar file [file:/Users/chenxia/.m2/repository/com/google/cloud/google-cloud-vision/0.8.1-alpha/google-cloud-vision-0.8.1-alpha.jar]
16:01:05.059 [main] DEBUG org.springframework.core.io.support.PathMatchingResourcePatternResolver - Looking for matching resources in jar file [file:/Users/chenxia/.m2/repository/com/google/cloud/google-cloud-core/0.8.1-alpha/google-cloud-core-0.8.1-alpha.jar]
16:01:05.060 [main] DEBUG org.springframework.core.io.support.PathMatchingResourcePatternResolver - Looking for matching resources in jar file [file:/Users/chenxia/.m2/repository/com/google/auth/google-auth-library-credentials/0.6.0/google-auth-library-credentials-0.6.0.jar]
16:01:05.061 [main] DEBUG org.springframework.core.io.support.PathMatchingResourcePatternResolver - Looking for matching resources in jar file [file:/Users/chenxia/.m2/repository/com/google/auth/google-auth-library-oauth2-http/0.6.0/google-auth-library-oauth2-http-0.6.0.jar]
16:01:05.061 [main] DEBUG org.springframework.core.io.support.PathMatchingResourcePatternResolver - Looking for matching resources in jar file [file:/Users/chenxia/.m2/repository/com/google/api-client/google-api-client-appengine/1.21.0/google-api-client-appengine-1.21.0.jar]
16:01:05.061 [main] DEBUG org.springframework.core.io.support.PathMatchingResourcePatternResolver - Looking for matching resources in jar file [file:/Users/chenxia/.m2/repository/com/google/oauth-client/google-oauth-client-appengine/1.21.0/google-oauth-client-appengine-1.21.0.jar]
16:01:05.062 [main] DEBUG org.springframework.core.io.support.PathMatchingResourcePatternResolver - Looking for matching resources in jar file [file:/Users/chenxia/.m2/repository/com/google/oauth-client/google-oauth-client-servlet/1.21.0/google-oauth-client-servlet-1.21.0.jar]
16:01:05.062 [main] DEBUG org.springframework.core.io.support.PathMatchingResourcePatternResolver - Looking for matching resources in jar file [file:/Users/chenxia/.m2/repository/com/google/http-client/google-http-client-jdo/1.21.0/google-http-client-jdo-1.21.0.jar]
16:01:05.062 [main] DEBUG org.springframework.core.io.support.PathMatchingResourcePatternResolver - Looking for matching resources in jar file [file:/Users/chenxia/.m2/repository/com/google/api-client/google-api-client-servlet/1.21.0/google-api-client-servlet-1.21.0.jar]
16:01:05.063 [main] DEBUG org.springframework.core.io.support.PathMatchingResourcePatternResolver - Looking for matching resources in jar file [file:/Users/chenxia/.m2/repository/com/google/http-client/google-http-client-appengine/1.21.0/google-http-client-appengine-1.21.0.jar]
16:01:05.063 [main] DEBUG org.springframework.core.io.support.PathMatchingResourcePatternResolver - Looking for matching resources in jar file [file:/Users/chenxia/.m2/repository/com/google/http-client/google-http-client-jackson/1.21.0/google-http-client-jackson-1.21.0.jar]
16:01:05.063 [main] DEBUG org.springframework.core.io.support.PathMatchingResourcePatternResolver - Looking for matching resources in jar file [file:/Users/chenxia/.m2/repository/com/google/protobuf/protobuf-java/3.0.0/protobuf-java-3.0.0.jar]
16:01:05.066 [main] DEBUG org.springframework.core.io.support.PathMatchingResourcePatternResolver - Looking for matching resources in jar file [file:/Users/chenxia/.m2/repository/com/google/protobuf/protobuf-java-util/3.0.2/protobuf-java-util-3.0.2.jar]
16:01:05.067 [main] DEBUG org.springframework.core.io.support.PathMatchingResourcePatternResolver - Looking for matching resources in jar file [file:/Users/chenxia/.m2/repository/com/google/code/gson/gson/2.7/gson-2.7.jar]
16:01:05.069 [main] DEBUG org.springframework.core.io.support.PathMatchingResourcePatternResolver - Looking for matching resources in jar file [file:/Users/chenxia/.m2/repository/com/google/api/gax/0.0.25/gax-0.0.25.jar]
16:01:05.070 [main] DEBUG org.springframework.core.io.support.PathMatchingResourcePatternResolver - Looking for matching resources in jar file [file:/Users/chenxia/.m2/repository/com/google/auto/value/auto-value/1.2/auto-value-1.2.jar]
16:01:05.073 [main] DEBUG org.springframework.core.io.support.PathMatchingResourcePatternResolver - Looking for matching resources in jar file [file:/Users/chenxia/.m2/repository/com/google/inject/guice/4.0/guice-4.0.jar]
16:01:05.076 [main] DEBUG org.springframework.core.io.support.PathMatchingResourcePatternResolver - Looking for matching resources in jar file [file:/Users/chenxia/.m2/repository/com/google/api/grpc/grpc-google-common-protos/0.1.5/grpc-google-common-protos-0.1.5.jar]
16:01:05.084 [main] DEBUG org.springframework.core.io.support.PathMatchingResourcePatternResolver - Looking for matching resources in jar file [file:/Users/chenxia/.m2/repository/com/google/api/grpc/grpc-google-iam-v1/0.1.5/grpc-google-iam-v1-0.1.5.jar]
16:01:05.084 [main] DEBUG org.springframework.core.io.support.PathMatchingResourcePatternResolver - Looking for matching resources in jar file [file:/Users/chenxia/.m2/repository/com/google/api/grpc/grpc-google-cloud-vision-v1/0.1.5/grpc-google-cloud-vision-v1-0.1.5.jar]
16:01:05.085 [main] DEBUG org.springframework.core.io.support.PathMatchingResourcePatternResolver - Looking for matching resources in jar file [file:/Users/chenxia/.m2/repository/com/google/api/api-common/0.0.2/api-common-0.0.2.jar]
16:01:05.086 [main] DEBUG org.springframework.core.io.support.PathMatchingResourcePatternResolver - Resolved location pattern [classpath*:com/*.class] to resources []
]]></system-out>
  </testcase>
</testsuite>